<?xml version="1.0" encoding="UTF-8"?>
<!-- Generated by org.testng.reporters.JUnitReportReporter -->
<testsuite hostname="DINESHs-MBP.Dlink" failures="0" tests="2" name="cucumberOptions.TestNGTestRunner" time="10.082" errors="0" timestamp="2023-10-22T10:36:32 IST" skipped="0">
  <testcase classname="cucumberOptions.TestNGTestRunner" name="runScenario" time="0.935"/>
  <system-out/>
  <testcase classname="cucumberOptions.TestNGTestRunner" name="runScenario" time="9.147"/>
  <system-out/>
</testsuite> <!-- cucumberOptions.TestNGTestRunner -->
